"D:/Downloads/Unreal Engine C++/Projects/GameplayMechanics/Content/FirstPerson/Textures/FirstPersonCrosshair.uasset" 0
"D:/Downloads/Unreal Engine C++/Projects/GameplayMechanics/Content/FirstPerson/Textures/FirstPersonCrosshair.uexp" 1
"../../../Engine/Content/Animation/DefaultAnimBoneCompressionSettings.uasset" 2
"../../../Engine/Content/Animation/DefaultAnimBoneCompressionSettings.uexp" 3
"../../../Engine/Content/Animation/DefaultAnimCurveCompressionSettings.uasset" 4
"../../../Engine/Content/Animation/DefaultAnimCurveCompressionSettings.uexp" 5
"../../../Engine/Content/EngineMaterials/T_Default_Material_Grid_N.uasset" 6
"../../../Engine/Content/EngineMaterials/T_Default_Material_Grid_N.uexp" 7
"../../../Engine/Content/EngineMaterials/T_Default_Material_Grid_N.ubulk" 8
"../../../Engine/Content/EngineMaterials/T_Default_Material_Grid_M.uasset" 9
"../../../Engine/Content/EngineMaterials/T_Default_Material_Grid_M.uexp" 10
"../../../Engine/Content/EngineMaterials/T_Default_Material_Grid_M.ubulk" 11
"../../../Engine/Content/Functions/Engine_MaterialFunctions01/Opacity/CameraDepthFade.uasset" 12
"../../../Engine/Content/Functions/Engine_MaterialFunctions01/Opacity/CameraDepthFade.uexp" 13
"../../../Engine/Content/EngineMaterials/WorldGridMaterial.uasset" 14
"../../../Engine/Content/EngineMaterials/WorldGridMaterial.uexp" 15
"../../../Engine/Content/ArtTools/RenderToTexture/Meshes/S_1_Unit_Plane.uasset" 16
"../../../Engine/Content/ArtTools/RenderToTexture/Meshes/S_1_Unit_Plane.uexp" 17
"../../../Engine/Content/BasicShapes/Plane.uasset" 18
"../../../Engine/Content/BasicShapes/Plane.uexp" 19
"../../../Engine/Content/EngineDamageTypes/DmgTypeBP_Environmental.uasset" 20
"../../../Engine/Content/EngineDamageTypes/DmgTypeBP_Environmental.uexp" 21
"../../../Engine/Content/EngineDebugMaterials/DebugEditorMaterial.uasset" 22
"../../../Engine/Content/EngineDebugMaterials/DebugEditorMaterial.uexp" 23
"../../../Engine/Content/EngineDebugMaterials/DebugMeshMaterial.uasset" 24
"../../../Engine/Content/EngineDebugMaterials/DebugMeshMaterial.uexp" 25
"../../../Engine/Content/EngineDebugMaterials/M_SimpleUnlitTranslucent.uasset" 26
"../../../Engine/Content/EngineDebugMaterials/M_SimpleUnlitTranslucent.uexp" 27
"../../../Engine/Content/EngineDebugMaterials/VolumeToRender.uasset" 28
"../../../Engine/Content/EngineDebugMaterials/VolumeToRender.uexp" 29
"../../../Engine/Content/Functions/Engine_MaterialFunctions02/Utility/CameraDirectionVector.uasset" 30
"../../../Engine/Content/Functions/Engine_MaterialFunctions02/Utility/CameraDirectionVector.uexp" 31
"../../../Engine/Content/EngineDebugMaterials/M_VolumeRenderSphereTracePP.uasset" 32
"../../../Engine/Content/EngineDebugMaterials/M_VolumeRenderSphereTracePP.uexp" 33
"../../../Engine/Content/Functions/Engine_MaterialFunctions01/Shading/ConvertFromDiffSpec.uasset" 34
"../../../Engine/Content/Functions/Engine_MaterialFunctions01/Shading/ConvertFromDiffSpec.uexp" 35
"../../../Engine/Content/EngineDebugMaterials/VertexColorMaterial.uasset" 36
"../../../Engine/Content/EngineDebugMaterials/VertexColorMaterial.uexp" 37
"../../../Engine/Content/EngineDebugMaterials/WireframeMaterial.uasset" 38
"../../../Engine/Content/EngineDebugMaterials/WireframeMaterial.uexp" 39
"../../../Engine/Content/EngineFonts/Faces/RobotoRegular.uasset" 40
"../../../Engine/Content/EngineFonts/Faces/RobotoRegular.uexp" 41
"../../../Engine/Content/EngineFonts/Faces/RobotoRegular.ufont" 42
"../../../Engine/Content/EngineFonts/Faces/RobotoLight.uasset" 43
"../../../Engine/Content/EngineFonts/Faces/RobotoLight.uexp" 44
"../../../Engine/Content/EngineFonts/Faces/RobotoLight.ufont" 45
"../../../Engine/Content/EngineFonts/Faces/RobotoItalic.uasset" 46
"../../../Engine/Content/EngineFonts/Faces/RobotoItalic.uexp" 47
"../../../Engine/Content/EngineFonts/Faces/RobotoItalic.ufont" 48
"../../../Engine/Content/EngineFonts/Faces/RobotoBoldItalic.uasset" 49
"../../../Engine/Content/EngineFonts/Faces/RobotoBoldItalic.uexp" 50
"../../../Engine/Content/EngineFonts/Faces/RobotoBoldItalic.ufont" 51
"../../../Engine/Content/EngineFonts/Faces/RobotoBold.uasset" 52
"../../../Engine/Content/EngineFonts/Faces/RobotoBold.uexp" 53
"../../../Engine/Content/EngineFonts/Faces/RobotoBold.ufont" 54
"../../../Engine/Content/EngineFonts/Faces/DroidSansFallback.uasset" 55
"../../../Engine/Content/EngineFonts/Faces/DroidSansFallback.uexp" 56
"../../../Engine/Content/EngineFonts/Faces/DroidSansFallback.ufont" 57
"../../../Engine/Content/EngineFonts/Roboto.uasset" 58
"../../../Engine/Content/EngineFonts/Roboto.uexp" 59
"../../../Engine/Content/EngineMaterials/BaseFlattenNormalMap.uasset" 60
"../../../Engine/Content/EngineMaterials/BaseFlattenNormalMap.uexp" 61
"../../../Engine/Content/EngineMaterials/BaseFlattenGrayscaleMap.uasset" 62
"../../../Engine/Content/EngineMaterials/BaseFlattenGrayscaleMap.uexp" 63
"../../../Engine/Content/EngineMaterials/BaseFlattenEmissiveMap.uasset" 64
"../../../Engine/Content/EngineMaterials/BaseFlattenEmissiveMap.uexp" 65
"../../../Engine/Content/EngineMaterials/BaseFlattenDiffuseMap.uasset" 66
"../../../Engine/Content/EngineMaterials/BaseFlattenDiffuseMap.uexp" 67
"../../../Engine/Content/EngineMaterials/BaseFlattenMaterial.uasset" 68
"../../../Engine/Content/EngineMaterials/BaseFlattenMaterial.uexp" 69
"../../../Engine/Content/EngineMaterials/BlueNoise.uasset" 70
"../../../Engine/Content/EngineMaterials/BlueNoise.uexp" 71
"../../../Engine/Content/EngineMaterials/DefaultBloomKernel.uasset" 72
"../../../Engine/Content/EngineMaterials/DefaultBloomKernel.uexp" 73
"../../../Engine/Content/EngineMaterials/DefaultBokeh.uasset" 74
"../../../Engine/Content/EngineMaterials/DefaultBokeh.uexp" 75
"../../../Engine/Content/EngineMaterials/DefaultDiffuse.uasset" 76
"../../../Engine/Content/EngineMaterials/DefaultDiffuse.uexp" 77
"../../../Engine/Content/EngineMaterials/DefaultDiffuse.ubulk" 78
"../../../Engine/Content/EngineMaterials/DefaultDeferredDecalMaterial.uasset" 79
"../../../Engine/Content/EngineMaterials/DefaultDeferredDecalMaterial.uexp" 80
"../../../Engine/Content/EngineMaterials/DefaultLightFunctionMaterial.uasset" 81
"../../../Engine/Content/EngineMaterials/DefaultLightFunctionMaterial.uexp" 82
"../../../Engine/Content/EngineMaterials/DefaultPhysicalMaterial.uasset" 83
"../../../Engine/Content/EngineMaterials/DefaultPhysicalMaterial.uexp" 84
"../../../Engine/Content/Functions/Engine_MaterialFunctions02/Utility/BreakOutFloat2Components.uasset" 85
"../../../Engine/Content/Functions/Engine_MaterialFunctions02/Utility/BreakOutFloat2Components.uexp" 86
"../../../Engine/Content/EngineMaterials/DefaultPostProcessMaterial.uasset" 87
"../../../Engine/Content/EngineMaterials/DefaultPostProcessMaterial.uexp" 88
"../../../Engine/Content/EngineFonts/RobotoDistanceField.uasset" 89
"../../../Engine/Content/EngineFonts/RobotoDistanceField.uexp" 90
"../../../Engine/Content/EngineMaterials/DefaultTextMaterialOpaque.uasset" 91
"../../../Engine/Content/EngineMaterials/DefaultTextMaterialOpaque.uexp" 92
"../../../Engine/Content/EngineMaterials/DefaultWhiteGrid.uasset" 93
"../../../Engine/Content/EngineMaterials/DefaultWhiteGrid.uexp" 94
"../../../Engine/Content/EngineMaterials/DefaultWhiteGrid.ubulk" 95
"../../../Engine/Content/EngineMaterials/DefaultWhiteGrid_Low.uasset" 96
"../../../Engine/Content/EngineMaterials/DefaultWhiteGrid_Low.uexp" 97
"../../../Engine/Content/EngineMaterials/EmissiveMeshMaterial.uasset" 98
"../../../Engine/Content/EngineMaterials/EmissiveMeshMaterial.uexp" 99
"../../../Engine/Content/EngineMaterials/GizmoMaterial.uasset" 100
"../../../Engine/Content/EngineMaterials/GizmoMaterial.uexp" 101
"../../../Engine/Content/EngineMaterials/Good64x64TilingNoiseHighFreq.uasset" 102
"../../../Engine/Content/EngineMaterials/Good64x64TilingNoiseHighFreq.uexp" 103
"../../../Engine/Content/EngineMaterials/MiniFont.uasset" 104
"../../../Engine/Content/EngineMaterials/MiniFont.uexp" 105
"../../../Engine/Content/EngineMaterials/InvalidLightmapSettings.uasset" 106
"../../../Engine/Content/EngineMaterials/InvalidLightmapSettings.uexp" 107
"../../../Engine/Content/EngineMaterials/InvalidLightmapSettings.ubulk" 108
"../../../Engine/Content/EngineMaterials/M_InvalidLightmapSettings.uasset" 109
"../../../Engine/Content/EngineMaterials/M_InvalidLightmapSettings.uexp" 110
"../../../Engine/Content/Functions/Engine_MaterialFunctions02/WorldPositionOffset/CameraOffset.uasset" 111
"../../../Engine/Content/Functions/Engine_MaterialFunctions02/WorldPositionOffset/CameraOffset.uexp" 112
"../../../Engine/Content/EngineMaterials/PhAT_JointLimitMaterial.uasset" 113
"../../../Engine/Content/EngineMaterials/PhAT_JointLimitMaterial.uexp" 114
"../../../Engine/Content/EngineMaterials/DefaultCalibrationColor.uasset" 115
"../../../Engine/Content/EngineMaterials/DefaultCalibrationColor.uexp" 116
"../../../Engine/Content/EngineMaterials/PPM_DefaultCalibrationColor.uasset" 117
"../../../Engine/Content/EngineMaterials/PPM_DefaultCalibrationColor.uexp" 118
"../../../Engine/Content/EngineMaterials/DefaultCalibrationGrayscale.uasset" 119
"../../../Engine/Content/EngineMaterials/DefaultCalibrationGrayscale.uexp" 120
"../../../Engine/Content/EngineMaterials/PPM_DefaultCalibrationGrayscale.uasset" 121
"../../../Engine/Content/EngineMaterials/PPM_DefaultCalibrationGrayscale.uexp" 122
"../../../Engine/Content/EngineMaterials/PreintegratedSkinBRDF.uasset" 123
"../../../Engine/Content/EngineMaterials/PreintegratedSkinBRDF.uexp" 124
"../../../Engine/Content/EngineMaterials/RemoveSurfaceMaterial.uasset" 125
"../../../Engine/Content/EngineMaterials/RemoveSurfaceMaterial.uexp" 126
"../../../Engine/Content/EngineMaterials/WeightMapPlaceholderTexture.uasset" 127
"../../../Engine/Content/EngineMaterials/WeightMapPlaceholderTexture.uexp" 128
"../../../Engine/Content/EngineResources/WhiteSquareTexture.uasset" 129
"../../../Engine/Content/EngineResources/WhiteSquareTexture.uexp" 130
"../../../Engine/Content/EngineMaterials/Widget3DPassThrough.uasset" 131
"../../../Engine/Content/EngineMaterials/Widget3DPassThrough.uexp" 132
"../../../Engine/Content/EngineMaterials/Widget3DPassThrough_Masked.uasset" 133
"../../../Engine/Content/EngineMaterials/Widget3DPassThrough_Masked.uexp" 134
"../../../Engine/Content/EngineMaterials/Widget3DPassThrough_Opaque.uasset" 135
"../../../Engine/Content/EngineMaterials/Widget3DPassThrough_Opaque.uexp" 136
"../../../Engine/Content/EngineMaterials/Widget3DPassThrough_Masked_OneSided.uasset" 137
"../../../Engine/Content/EngineMaterials/Widget3DPassThrough_Masked_OneSided.uexp" 138
"../../../Engine/Content/EngineMaterials/Widget3DPassThrough_Opaque_OneSided.uasset" 139
"../../../Engine/Content/EngineMaterials/Widget3DPassThrough_Opaque_OneSided.uexp" 140
"../../../Engine/Content/EngineMaterials/Widget3DPassThrough_Translucent.uasset" 141
"../../../Engine/Content/EngineMaterials/Widget3DPassThrough_Translucent.uexp" 142
"../../../Engine/Content/EngineMaterials/Widget3DPassThrough_Translucent_OneSided.uasset" 143
"../../../Engine/Content/EngineMaterials/Widget3DPassThrough_Translucent_OneSided.uexp" 144
"../../../Engine/Content/EngineMaterials/DefaultMaterial.uasset" 145
"../../../Engine/Content/EngineMaterials/DefaultMaterial.uexp" 146
"../../../Engine/Content/EngineMeshes/Cylinder.uasset" 147
"../../../Engine/Content/EngineMeshes/Cylinder.uexp" 148
"../../../Engine/Content/EngineMeshes/Sphere.uasset" 149
"../../../Engine/Content/EngineMeshes/Sphere.uexp" 150
"../../../Engine/Content/EngineResources/DefaultTexture.uasset" 151
"../../../Engine/Content/EngineResources/DefaultTexture.uexp" 152
"../../../Engine/Content/EngineResources/DefaultTexture.ubulk" 153
"../../../Engine/Content/EngineResources/DefaultTextureCube.uasset" 154
"../../../Engine/Content/EngineResources/DefaultTextureCube.uexp" 155
"../../../Engine/Content/EngineResources/DefaultVolumeTexture2D.uasset" 156
"../../../Engine/Content/EngineResources/DefaultVolumeTexture2D.uexp" 157
"../../../Engine/Content/EngineResources/DefaultVolumeTexture.uasset" 158
"../../../Engine/Content/EngineResources/DefaultVolumeTexture.uexp" 159
"../../../Engine/Content/EngineResources/GradientTexture0.uasset" 160
"../../../Engine/Content/EngineResources/GradientTexture0.uexp" 161
"../../../Engine/Content/EngineSky/VolumetricClouds/T_NoiseShape64.uasset" 162
"../../../Engine/Content/EngineSky/VolumetricClouds/T_NoiseShape64.uexp" 163
"../../../Engine/Content/EngineSky/VolumetricClouds/T_NoiseShape64.ubulk" 164
"../../../Engine/Content/EngineSky/VolumetricClouds/T_VolumeNoiseShape64.uasset" 165
"../../../Engine/Content/EngineSky/VolumetricClouds/T_VolumeNoiseShape64.uexp" 166
"../../../Engine/Content/EngineSky/VolumetricClouds/T_NoiseErosion.uasset" 167
"../../../Engine/Content/EngineSky/VolumetricClouds/T_NoiseErosion.uexp" 168
"../../../Engine/Content/EngineSky/VolumetricClouds/T_NoiseErosion.ubulk" 169
"../../../Engine/Content/EngineSky/VolumetricClouds/T_VolumeNoiseErosion32.uasset" 170
"../../../Engine/Content/EngineSky/VolumetricClouds/T_VolumeNoiseErosion32.uexp" 171
"../../../Engine/Content/EngineSky/VolumetricClouds/CloudWeatherTexture.uasset" 172
"../../../Engine/Content/EngineSky/VolumetricClouds/CloudWeatherTexture.uexp" 173
"../../../Engine/Content/EngineSky/VolumetricClouds/CloudGradientTexture.uasset" 174
"../../../Engine/Content/EngineSky/VolumetricClouds/CloudGradientTexture.uexp" 175
"../../../Engine/Content/Functions/Engine_MaterialFunctions02/Utility/MakeFloat2.uasset" 176
"../../../Engine/Content/Functions/Engine_MaterialFunctions02/Utility/MakeFloat2.uexp" 177
"../../../Engine/Content/EngineSky/VolumetricClouds/m_SimpleVolumetricCloud.uasset" 178
"../../../Engine/Content/EngineSky/VolumetricClouds/m_SimpleVolumetricCloud.uexp" 179
"../../../Engine/Content/EngineSky/VolumetricClouds/m_SimpleVolumetricCloud_Inst.uasset" 180
"../../../Engine/Content/EngineSky/VolumetricClouds/m_SimpleVolumetricCloud_Inst.uexp" 181
"../../../Engine/Content/EngineSounds/Master.uasset" 182
"../../../Engine/Content/EngineSounds/Master.uexp" 183
"../../../Engine/Content/Functions/Engine_MaterialFunctions01/Shading/PowerToRoughness.uasset" 184
"../../../Engine/Content/Functions/Engine_MaterialFunctions01/Shading/PowerToRoughness.uexp" 185
"../../../Engine/Content/Maps/Templates/Thumbnails/Default.uasset" 186
"../../../Engine/Content/Maps/Templates/Thumbnails/Default.uexp" 187
"../../../Engine/Content/Maps/Templates/Thumbnails/TimeOfDay.uasset" 188
"../../../Engine/Content/Maps/Templates/Thumbnails/TimeOfDay.uexp" 189
"../../../Engine/Content/Maps/Templates/Thumbnails/VR-Basic.uasset" 190
"../../../Engine/Content/Maps/Templates/Thumbnails/VR-Basic.uexp" 191
"../../../Engine/Content/MobileResources/T_MobileControls_texture.uasset" 192
"../../../Engine/Content/MobileResources/T_MobileControls_texture.uexp" 193
"../../../Engine/Content/MobileResources/T_MobileMenu2.uasset" 194
"../../../Engine/Content/MobileResources/T_MobileMenu2.uexp" 195
"../../../Engine/Content/MobileResources/HUD/AnalogHat.uasset" 196
"../../../Engine/Content/MobileResources/HUD/AnalogHat.uexp" 197
"../../../Engine/Content/MobileResources/HUD/VirtualJoystick_Thumb.uasset" 198
"../../../Engine/Content/MobileResources/HUD/VirtualJoystick_Thumb.uexp" 199
"../../../Engine/Content/MobileResources/HUD/VirtualJoystick_Background.uasset" 200
"../../../Engine/Content/MobileResources/HUD/VirtualJoystick_Background.uexp" 201
"../../../Engine/Content/MobileResources/HUD/DefaultVirtualJoysticks.uasset" 202
"../../../Engine/Content/MobileResources/HUD/DefaultVirtualJoysticks.uexp" 203
"../../../Engine/Content/MobileResources/HUD/LeftVirtualJoystickOnly.uasset" 204
"../../../Engine/Content/MobileResources/HUD/LeftVirtualJoystickOnly.uexp" 205
"../../../Engine/Content/MobileResources/HUD/MobileHUDButton1_off.uasset" 206
"../../../Engine/Content/MobileResources/HUD/MobileHUDButton1_off.uexp" 207
"../../../Engine/Content/MobileResources/HUD/MobileHUDButton1_on.uasset" 208
"../../../Engine/Content/MobileResources/HUD/MobileHUDButton1_on.uexp" 209
"../../../Engine/Content/MobileResources/HUD/MobileHUDButton2_off.uasset" 210
"../../../Engine/Content/MobileResources/HUD/MobileHUDButton2_off.uexp" 211
"../../../Engine/Content/MobileResources/HUD/MobileHUDButton2_on.uasset" 212
"../../../Engine/Content/MobileResources/HUD/MobileHUDButton2_on.uexp" 213
"../../../Engine/Content/MobileResources/HUD/MobileHUDButton3.uasset" 214
"../../../Engine/Content/MobileResources/HUD/MobileHUDButton3.uexp" 215
"../../../Engine/Content/MobileResources/HUD/MobileHUDButtonFire.uasset" 216
"../../../Engine/Content/MobileResources/HUD/MobileHUDButtonFire.uexp" 217
"../../../Engine/Content/MobileResources/HUD/MobileHUDDirectionPad.uasset" 218
"../../../Engine/Content/MobileResources/HUD/MobileHUDDirectionPad.uexp" 219
"../../../Engine/Content/MobileResources/HUD/MobileHUDDirectionPad2.uasset" 220
"../../../Engine/Content/MobileResources/HUD/MobileHUDDirectionPad2.uexp" 221
"../../../Engine/Content/MobileResources/HUD/MobileHUDDirectionPad3.uasset" 222
"../../../Engine/Content/MobileResources/HUD/MobileHUDDirectionPad3.uexp" 223
"../../../Engine/Content/MobileResources/HUD/MobileHUDDirectionStick.uasset" 224
"../../../Engine/Content/MobileResources/HUD/MobileHUDDirectionStick.uexp" 225
"../../../Engine/Content/MobileResources/HUD/T_Castle_ThumbstickInner.uasset" 226
"../../../Engine/Content/MobileResources/HUD/T_Castle_ThumbstickInner.uexp" 227
"../../../Engine/Content/MobileResources/HUD/T_Castle_ThumbstickOutter.uasset" 228
"../../../Engine/Content/MobileResources/HUD/T_Castle_ThumbstickOutter.uexp" 229
"../../../Engine/Content/Tutorial/ContentIntroCurve.uasset" 230
"../../../Engine/Content/Tutorial/ContentIntroCurve.uexp" 231
"../../../Engine/Content/Tutorial/Basics/TutorialAssets/icon_tab_Levels_40x.uasset" 232
"../../../Engine/Content/Tutorial/Basics/TutorialAssets/icon_tab_Levels_40x.uexp" 233
"../../../Engine/Plugins/2D/Paper2D/Content/PlaceholderTextures/DummySpriteTexture.uasset" 234
"../../../Engine/Plugins/2D/Paper2D/Content/PlaceholderTextures/DummySpriteTexture.uexp" 235
"../../../Engine/Plugins/2D/Paper2D/Content/PlaceholderTextures/DummySpriteTexture.ubulk" 236
"../../../Engine/Plugins/2D/Paper2D/Content/DummySprite.uasset" 237
"../../../Engine/Plugins/2D/Paper2D/Content/DummySprite.uexp" 238
"../../../Engine/Plugins/2D/Paper2D/Content/DefaultPaperTerrainMaterial.uasset" 239
"../../../Engine/Plugins/2D/Paper2D/Content/DefaultPaperTerrainMaterial.uexp" 240
"../../../Engine/Plugins/2D/Paper2D/Content/DefaultSpriteMaterial.uasset" 241
"../../../Engine/Plugins/2D/Paper2D/Content/DefaultSpriteMaterial.uexp" 242
"../../../Engine/Plugins/2D/Paper2D/Content/MaskedUnlitSpriteMaterial.uasset" 243
"../../../Engine/Plugins/2D/Paper2D/Content/MaskedUnlitSpriteMaterial.uexp" 244
"../../../Engine/Plugins/2D/Paper2D/Content/OpaqueUnlitSpriteMaterial.uasset" 245
"../../../Engine/Plugins/2D/Paper2D/Content/OpaqueUnlitSpriteMaterial.uexp" 246
"../../../Engine/Content/Functions/Engine_MaterialFunctions02/Utility/BreakOutFloat3Components.uasset" 247
"../../../Engine/Content/Functions/Engine_MaterialFunctions02/Utility/BreakOutFloat3Components.uexp" 248
"../../../Engine/Plugins/Editor/SpeedTreeImporter/Content/SpeedTree9/UnpackInteger3.uasset" 249
"../../../Engine/Plugins/Editor/SpeedTreeImporter/Content/SpeedTree9/UnpackInteger3.uexp" 250
"../../../Engine/Plugins/Editor/SpeedTreeImporter/Content/SpeedTree9/UnpackDirection.uasset" 251
"../../../Engine/Plugins/Editor/SpeedTreeImporter/Content/SpeedTree9/UnpackDirection.uexp" 252
"../../../Engine/Plugins/Editor/SpeedTreeImporter/Content/SpeedTree9/game_wind_noise.uasset" 253
"../../../Engine/Plugins/Editor/SpeedTreeImporter/Content/SpeedTree9/game_wind_noise.uexp" 254
"../../../Engine/Plugins/Editor/SpeedTreeImporter/Content/SpeedTree9/game_wind_noise.ubulk" 255
"../../../Engine/Content/Functions/Engine_MaterialFunctions02/SafeNormalize.uasset" 256
"../../../Engine/Content/Functions/Engine_MaterialFunctions02/SafeNormalize.uexp" 257
"../../../Engine/Plugins/Editor/SpeedTreeImporter/Content/SpeedTree9/SpeedTreeWindMotion.uasset" 258
"../../../Engine/Plugins/Editor/SpeedTreeImporter/Content/SpeedTree9/SpeedTreeWindMotion.uexp" 259
"../../../Engine/Plugins/Editor/SpeedTreeImporter/Content/SpeedTree9/SpeedTreeBranchMotion.uasset" 260
"../../../Engine/Plugins/Editor/SpeedTreeImporter/Content/SpeedTree9/SpeedTreeBranchMotion.uexp" 261
"../../../Engine/Content/Functions/Engine_MaterialFunctions02/ObjectLocalBounds.uasset" 262
"../../../Engine/Content/Functions/Engine_MaterialFunctions02/ObjectLocalBounds.uexp" 263
"../../../Engine/Content/Functions/Engine_MaterialFunctions02/UVs/BoundingBoxBased_0-1_UVW.uasset" 264
"../../../Engine/Content/Functions/Engine_MaterialFunctions02/UVs/BoundingBoxBased_0-1_UVW.uexp" 265
"../../../Engine/Content/Functions/Engine_MaterialFunctions02/Utility/VectorLength.uasset" 266
"../../../Engine/Content/Functions/Engine_MaterialFunctions02/Utility/VectorLength.uexp" 267
"../../../Engine/Content/Functions/Engine_MaterialFunctions02/WorldPositionOffset/ObjectScale.uasset" 268
"../../../Engine/Content/Functions/Engine_MaterialFunctions02/WorldPositionOffset/ObjectScale.uexp" 269
"../../../Engine/Plugins/Editor/SpeedTreeImporter/Content/SpeedTree9/SpeedTreeWind.uasset" 270
"../../../Engine/Plugins/Editor/SpeedTreeImporter/Content/SpeedTree9/SpeedTreeWind.uexp" 271
"../../../Engine/Plugins/Editor/SpeedTreeImporter/Content/SpeedTree9/SpeedTreeBillboard.uasset" 272
"../../../Engine/Plugins/Editor/SpeedTreeImporter/Content/SpeedTree9/SpeedTreeBillboard.uexp" 273
"../../../Engine/Plugins/Editor/SpeedTreeImporter/Content/SpeedTree9/EmptyNormal.uasset" 274
"../../../Engine/Plugins/Editor/SpeedTreeImporter/Content/SpeedTree9/EmptyNormal.uexp" 275
"../../../Engine/Plugins/Editor/SpeedTreeImporter/Content/SpeedTree9/Empty.uasset" 276
"../../../Engine/Plugins/Editor/SpeedTreeImporter/Content/SpeedTree9/Empty.uexp" 277
"../../../Engine/Plugins/Editor/SpeedTreeImporter/Content/SpeedTree9/SpeedTreeBillboardMaster.uasset" 278
"../../../Engine/Plugins/Editor/SpeedTreeImporter/Content/SpeedTree9/SpeedTreeBillboardMaster.uexp" 279
"../../../Engine/Plugins/Editor/SpeedTreeImporter/Content/SpeedTree9/SpeedTreeCameraFacing.uasset" 280
"../../../Engine/Plugins/Editor/SpeedTreeImporter/Content/SpeedTree9/SpeedTreeCameraFacing.uexp" 281
"../../../Engine/Plugins/Editor/SpeedTreeImporter/Content/SpeedTree9/SpeedTreeMaster.uasset" 282
"../../../Engine/Plugins/Editor/SpeedTreeImporter/Content/SpeedTree9/SpeedTreeMaster.uexp" 283
"../../../Engine/Content/ArtTools/RenderToTexture/Materials/Debug/M_Emissive_Color.uasset" 284
"../../../Engine/Content/ArtTools/RenderToTexture/Materials/Debug/M_Emissive_Color.uexp" 285
"../../../Engine/Content/BasicShapes/Cylinder.uasset" 286
"../../../Engine/Content/BasicShapes/Cylinder.uexp" 287
"../../../Engine/Plugins/Lumin/MagicLeapPassableWorld/Content/MagicLeapARPinInfoActor.uasset" 288
"../../../Engine/Plugins/Lumin/MagicLeapPassableWorld/Content/MagicLeapARPinInfoActor.uexp" 289
"../../../Engine/Plugins/Runtime/OpenXR/Content/Devices/GoogleDaydream/MRTexture.uasset" 290
"../../../Engine/Plugins/Runtime/OpenXR/Content/Devices/GoogleDaydream/MRTexture.uexp" 291
"../../../Engine/Plugins/Runtime/OpenXR/Content/Devices/GoogleDaydream/MRTexture.ubulk" 292
"../../../Engine/Plugins/Runtime/OpenXR/Content/Devices/GoogleDaydream/BaseTexture.uasset" 293
"../../../Engine/Plugins/Runtime/OpenXR/Content/Devices/GoogleDaydream/BaseTexture.uexp" 294
"../../../Engine/Plugins/Runtime/OpenXR/Content/Devices/GoogleDaydream/BaseTexture.ubulk" 295
"../../../Engine/Content/EngineResources/Black.uasset" 296
"../../../Engine/Content/EngineResources/Black.uexp" 297
"../../../Engine/Plugins/Runtime/OpenXR/Content/Devices/M_XRController.uasset" 298
"../../../Engine/Plugins/Runtime/OpenXR/Content/Devices/M_XRController.uexp" 299
"../../../Engine/Plugins/Runtime/OpenXR/Content/Devices/GoogleDaydream/MI_GoogleDaydream.uasset" 300
"../../../Engine/Plugins/Runtime/OpenXR/Content/Devices/GoogleDaydream/MI_GoogleDaydream.uexp" 301
"../../../Engine/Plugins/Runtime/OpenXR/Content/Devices/GoogleDaydream/GoogleDaydreamController.uasset" 302
"../../../Engine/Plugins/Runtime/OpenXR/Content/Devices/GoogleDaydream/GoogleDaydreamController.uexp" 303
"../../../Engine/Plugins/Runtime/OpenXR/Content/Devices/HTCVive/BaseTexture.uasset" 304
"../../../Engine/Plugins/Runtime/OpenXR/Content/Devices/HTCVive/BaseTexture.uexp" 305
"../../../Engine/Plugins/Runtime/OpenXR/Content/Devices/HTCVive/BaseTexture.ubulk" 306
"../../../Engine/Plugins/Runtime/OpenXR/Content/Devices/HTCVive/MI_HTCVive.uasset" 307
"../../../Engine/Plugins/Runtime/OpenXR/Content/Devices/HTCVive/MI_HTCVive.uexp" 308
"../../../Engine/Plugins/Runtime/OpenXR/Content/Devices/HTCVive/HTCViveController.uasset" 309
"../../../Engine/Plugins/Runtime/OpenXR/Content/Devices/HTCVive/HTCViveController.uexp" 310
"../../../Engine/Plugins/Runtime/OpenXR/Content/Devices/MicrosoftMixedReality/NormalTexture.uasset" 311
"../../../Engine/Plugins/Runtime/OpenXR/Content/Devices/MicrosoftMixedReality/NormalTexture.uexp" 312
"../../../Engine/Plugins/Runtime/OpenXR/Content/Devices/MicrosoftMixedReality/NormalTexture.ubulk" 313
"../../../Engine/Plugins/Runtime/OpenXR/Content/Devices/MicrosoftMixedReality/MRTexture.uasset" 314
"../../../Engine/Plugins/Runtime/OpenXR/Content/Devices/MicrosoftMixedReality/MRTexture.uexp" 315
"../../../Engine/Plugins/Runtime/OpenXR/Content/Devices/MicrosoftMixedReality/MRTexture.ubulk" 316
"../../../Engine/Plugins/Runtime/OpenXR/Content/Devices/MicrosoftMixedReality/EmissiveTexture.uasset" 317
"../../../Engine/Plugins/Runtime/OpenXR/Content/Devices/MicrosoftMixedReality/EmissiveTexture.uexp" 318
"../../../Engine/Plugins/Runtime/OpenXR/Content/Devices/MicrosoftMixedReality/EmissiveTexture.ubulk" 319
"../../../Engine/Plugins/Runtime/OpenXR/Content/Devices/MicrosoftMixedReality/BaseTexture.uasset" 320
"../../../Engine/Plugins/Runtime/OpenXR/Content/Devices/MicrosoftMixedReality/BaseTexture.uexp" 321
"../../../Engine/Plugins/Runtime/OpenXR/Content/Devices/MicrosoftMixedReality/BaseTexture.ubulk" 322
"../../../Engine/Plugins/Runtime/OpenXR/Content/Devices/MicrosoftMixedReality/MI_MicrosoftMixedReality.uasset" 323
"../../../Engine/Plugins/Runtime/OpenXR/Content/Devices/MicrosoftMixedReality/MI_MicrosoftMixedReality.uexp" 324
"../../../Engine/Plugins/Runtime/OpenXR/Content/Devices/MicrosoftMixedReality/Left/left_MicrosoftMixedRealityController.uasset" 325
"../../../Engine/Plugins/Runtime/OpenXR/Content/Devices/MicrosoftMixedReality/Left/left_MicrosoftMixedRealityController.uexp" 326
"../../../Engine/Plugins/Runtime/OpenXR/Content/Devices/MicrosoftMixedReality/Right/right_MicrosoftMixedRealityController.uasset" 327
"../../../Engine/Plugins/Runtime/OpenXR/Content/Devices/MicrosoftMixedReality/Right/right_MicrosoftMixedRealityController.uexp" 328
"../../../Engine/Plugins/Runtime/OpenXR/Content/Devices/OculusGo/BaseTexture.uasset" 329
"../../../Engine/Plugins/Runtime/OpenXR/Content/Devices/OculusGo/BaseTexture.uexp" 330
"../../../Engine/Plugins/Runtime/OpenXR/Content/Devices/OculusGo/BaseTexture.ubulk" 331
"../../../Engine/Plugins/Runtime/OpenXR/Content/Devices/OculusGo/MI_OculusGo.uasset" 332
"../../../Engine/Plugins/Runtime/OpenXR/Content/Devices/OculusGo/MI_OculusGo.uexp" 333
"../../../Engine/Plugins/Runtime/OpenXR/Content/Devices/OculusGo/OculusGoController.uasset" 334
"../../../Engine/Plugins/Runtime/OpenXR/Content/Devices/OculusGo/OculusGoController.uexp" 335
"../../../Engine/Plugins/Runtime/OpenXR/Content/Devices/OculusTouch/MRTexture.uasset" 336
"../../../Engine/Plugins/Runtime/OpenXR/Content/Devices/OculusTouch/MRTexture.uexp" 337
"../../../Engine/Plugins/Runtime/OpenXR/Content/Devices/OculusTouch/MRTexture.ubulk" 338
"../../../Engine/Plugins/Runtime/OpenXR/Content/Devices/OculusTouch/BaseTexture.uasset" 339
"../../../Engine/Plugins/Runtime/OpenXR/Content/Devices/OculusTouch/BaseTexture.uexp" 340
"../../../Engine/Plugins/Runtime/OpenXR/Content/Devices/OculusTouch/BaseTexture.ubulk" 341
"../../../Engine/Plugins/Runtime/OpenXR/Content/Devices/OculusTouch/MI_OculusTouch.uasset" 342
"../../../Engine/Plugins/Runtime/OpenXR/Content/Devices/OculusTouch/MI_OculusTouch.uexp" 343
"../../../Engine/Plugins/Runtime/OpenXR/Content/Devices/OculusTouch/Left/left_OculusTouchController.uasset" 344
"../../../Engine/Plugins/Runtime/OpenXR/Content/Devices/OculusTouch/Left/left_OculusTouchController.uexp" 345
"../../../Engine/Plugins/Runtime/OpenXR/Content/Devices/OculusTouch/Right/right_OculusTouchController.uasset" 346
"../../../Engine/Plugins/Runtime/OpenXR/Content/Devices/OculusTouch/Right/right_OculusTouchController.uexp" 347
"../../../Engine/Plugins/Runtime/OpenXR/Content/Devices/OculusTouch_v2/MRTexture.uasset" 348
"../../../Engine/Plugins/Runtime/OpenXR/Content/Devices/OculusTouch_v2/MRTexture.uexp" 349
"../../../Engine/Plugins/Runtime/OpenXR/Content/Devices/OculusTouch_v2/MRTexture.ubulk" 350
"../../../Engine/Plugins/Runtime/OpenXR/Content/Devices/OculusTouch_v2/BaseTexture.uasset" 351
"../../../Engine/Plugins/Runtime/OpenXR/Content/Devices/OculusTouch_v2/BaseTexture.uexp" 352
"../../../Engine/Plugins/Runtime/OpenXR/Content/Devices/OculusTouch_v2/BaseTexture.ubulk" 353
"../../../Engine/Plugins/Runtime/OpenXR/Content/Devices/OculusTouch_v2/MI_OculusTouch_v2.uasset" 354
"../../../Engine/Plugins/Runtime/OpenXR/Content/Devices/OculusTouch_v2/MI_OculusTouch_v2.uexp" 355
"../../../Engine/Plugins/Runtime/OpenXR/Content/Devices/OculusTouch_v2/Left/left_OculusTouch_v2Controller.uasset" 356
"../../../Engine/Plugins/Runtime/OpenXR/Content/Devices/OculusTouch_v2/Left/left_OculusTouch_v2Controller.uexp" 357
"../../../Engine/Plugins/Runtime/OpenXR/Content/Devices/OculusTouch_v2/Right/right_OculusTouch_v2Controller.uasset" 358
"../../../Engine/Plugins/Runtime/OpenXR/Content/Devices/OculusTouch_v2/Right/right_OculusTouch_v2Controller.uexp" 359
"../../../Engine/Plugins/Runtime/OpenXR/Content/Devices/OculusTouch_v3/MRTexture.uasset" 360
"../../../Engine/Plugins/Runtime/OpenXR/Content/Devices/OculusTouch_v3/MRTexture.uexp" 361
"../../../Engine/Plugins/Runtime/OpenXR/Content/Devices/OculusTouch_v3/MRTexture.ubulk" 362
"../../../Engine/Plugins/Runtime/OpenXR/Content/Devices/OculusTouch_v3/BaseTexture.uasset" 363
"../../../Engine/Plugins/Runtime/OpenXR/Content/Devices/OculusTouch_v3/BaseTexture.uexp" 364
"../../../Engine/Plugins/Runtime/OpenXR/Content/Devices/OculusTouch_v3/BaseTexture.ubulk" 365
"../../../Engine/Plugins/Runtime/OpenXR/Content/Devices/OculusTouch_v3/MI_OculusTouch_v3.uasset" 366
"../../../Engine/Plugins/Runtime/OpenXR/Content/Devices/OculusTouch_v3/MI_OculusTouch_v3.uexp" 367
"../../../Engine/Plugins/Runtime/OpenXR/Content/Devices/OculusTouch_v3/Left/left_OculusTouch_v3Controller.uasset" 368
"../../../Engine/Plugins/Runtime/OpenXR/Content/Devices/OculusTouch_v3/Left/left_OculusTouch_v3Controller.uexp" 369
"../../../Engine/Plugins/Runtime/OpenXR/Content/Devices/OculusTouch_v3/Right/right_OculusTouch_v3Controller.uasset" 370
"../../../Engine/Plugins/Runtime/OpenXR/Content/Devices/OculusTouch_v3/Right/right_OculusTouch_v3Controller.uexp" 371
"../../../Engine/Plugins/Runtime/OpenXR/Content/Devices/ValveIndex/MRTexture.uasset" 372
"../../../Engine/Plugins/Runtime/OpenXR/Content/Devices/ValveIndex/MRTexture.uexp" 373
"../../../Engine/Plugins/Runtime/OpenXR/Content/Devices/ValveIndex/MRTexture.ubulk" 374
"../../../Engine/Plugins/Runtime/OpenXR/Content/Devices/ValveIndex/BaseTexture.uasset" 375
"../../../Engine/Plugins/Runtime/OpenXR/Content/Devices/ValveIndex/BaseTexture.uexp" 376
"../../../Engine/Plugins/Runtime/OpenXR/Content/Devices/ValveIndex/BaseTexture.ubulk" 377
"../../../Engine/Plugins/Runtime/OpenXR/Content/Devices/ValveIndex/Left/MI_left_ValveIndex.uasset" 378
"../../../Engine/Plugins/Runtime/OpenXR/Content/Devices/ValveIndex/Left/MI_left_ValveIndex.uexp" 379
"../../../Engine/Plugins/Runtime/OpenXR/Content/Devices/ValveIndex/Left/left_ValveIndexController.uasset" 380
"../../../Engine/Plugins/Runtime/OpenXR/Content/Devices/ValveIndex/Left/left_ValveIndexController.uexp" 381
"../../../Engine/Plugins/Runtime/OpenXR/Content/Devices/ValveIndex/Right/MI_right_ValveIndex.uasset" 382
"../../../Engine/Plugins/Runtime/OpenXR/Content/Devices/ValveIndex/Right/MI_right_ValveIndex.uexp" 383
"../../../Engine/Plugins/Runtime/OpenXR/Content/Devices/ValveIndex/Right/right_ValveIndexController.uasset" 384
"../../../Engine/Plugins/Runtime/OpenXR/Content/Devices/ValveIndex/Right/right_ValveIndexController.uexp" 385
"../../../Engine/Content/Functions/Engine_MaterialFunctions02/Utility/BreakOutFloat4Components.uasset" 386
"../../../Engine/Content/Functions/Engine_MaterialFunctions02/Utility/BreakOutFloat4Components.uexp" 387
"../../../Engine/Content/Functions/Engine_MaterialFunctions02/Utility/MakeFloat3.uasset" 388
"../../../Engine/Content/Functions/Engine_MaterialFunctions02/Utility/MakeFloat3.uexp" 389
"../../../Engine/Plugins/Runtime/Oculus/OculusVR/Content/Materials/OculusMR_ChromaKey.uasset" 390
"../../../Engine/Plugins/Runtime/Oculus/OculusVR/Content/Materials/OculusMR_ChromaKey.uexp" 391
"../../../Engine/Plugins/Runtime/Oculus/OculusVR/Content/Materials/OculusMR_OpaqueColoredMaterial.uasset" 392
"../../../Engine/Plugins/Runtime/Oculus/OculusVR/Content/Materials/OculusMR_OpaqueColoredMaterial.uexp" 393
"../../../Engine/Plugins/Runtime/Oculus/OculusVR/Content/Materials/PokeAHoleMaterial.uasset" 394
"../../../Engine/Plugins/Runtime/Oculus/OculusVR/Content/Materials/PokeAHoleMaterial.uexp" 395
"../../../Engine/Plugins/Runtime/Oculus/OculusVR/Content/Textures/touchController_controlmap.uasset" 396
"../../../Engine/Plugins/Runtime/Oculus/OculusVR/Content/Textures/touchController_controlmap.uexp" 397
"../../../Engine/Plugins/Runtime/Oculus/OculusVR/Content/Textures/touchController_controlmap.ubulk" 398
"../../../Engine/Plugins/Runtime/Oculus/OculusVR/Content/Textures/touchController_albedo.uasset" 399
"../../../Engine/Plugins/Runtime/Oculus/OculusVR/Content/Textures/touchController_albedo.uexp" 400
"../../../Engine/Plugins/Runtime/Oculus/OculusVR/Content/Textures/touchController_albedo.ubulk" 401
"../../../Engine/Plugins/Runtime/Oculus/OculusVR/Content/Materials/touchController_mat.uasset" 402
"../../../Engine/Plugins/Runtime/Oculus/OculusVR/Content/Materials/touchController_mat.uexp" 403
"../../../Engine/Plugins/Runtime/Oculus/OculusVR/Content/Meshes/LeftTouchController.uasset" 404
"../../../Engine/Plugins/Runtime/Oculus/OculusVR/Content/Meshes/LeftTouchController.uexp" 405
"../../../Engine/Plugins/Runtime/Oculus/OculusVR/Content/Textures/TouchForQuestRiftSController_albedo.uasset" 406
"../../../Engine/Plugins/Runtime/Oculus/OculusVR/Content/Textures/TouchForQuestRiftSController_albedo.uexp" 407
"../../../Engine/Plugins/Runtime/Oculus/OculusVR/Content/Textures/TouchForQuestRiftSController_albedo.ubulk" 408
"../../../Engine/Plugins/Runtime/Oculus/OculusVR/Content/Materials/TouchForQuestRiftSControllerMaterial.uasset" 409
"../../../Engine/Plugins/Runtime/Oculus/OculusVR/Content/Materials/TouchForQuestRiftSControllerMaterial.uexp" 410
"../../../Engine/Plugins/Runtime/Oculus/OculusVR/Content/Meshes/LeftTouchForQuestRiftSController.uasset" 411
"../../../Engine/Plugins/Runtime/Oculus/OculusVR/Content/Meshes/LeftTouchForQuestRiftSController.uexp" 412
"../../../Engine/Plugins/Runtime/Oculus/OculusVR/Content/Meshes/RiftHMD.uasset" 413
"../../../Engine/Plugins/Runtime/Oculus/OculusVR/Content/Meshes/RiftHMD.uexp" 414
"../../../Engine/Plugins/Runtime/Oculus/OculusVR/Content/Meshes/RightTouchController.uasset" 415
"../../../Engine/Plugins/Runtime/Oculus/OculusVR/Content/Meshes/RightTouchController.uexp" 416
"../../../Engine/Plugins/Runtime/Oculus/OculusVR/Content/Meshes/RightTouchForQuestRiftSController.uasset" 417
"../../../Engine/Plugins/Runtime/Oculus/OculusVR/Content/Meshes/RightTouchForQuestRiftSController.uexp" 418
"../../../Engine/Content/BasicShapes/Sphere.uasset" 419
"../../../Engine/Content/BasicShapes/Sphere.uexp" 420
"../../../Engine/Content/BasicShapes/Cone.uasset" 421
"../../../Engine/Content/BasicShapes/Cone.uexp" 422
"../../../Engine/Content/BasicShapes/BasicShapeMaterial.uasset" 423
"../../../Engine/Content/BasicShapes/BasicShapeMaterial.uexp" 424
"D:/Downloads/Unreal Engine C++/Projects/GameplayMechanics/Content/FirstPersonCPP/Maps/Untitled_BuiltData.uasset" 425
"D:/Downloads/Unreal Engine C++/Projects/GameplayMechanics/Content/FirstPersonCPP/Maps/Untitled_BuiltData.uexp" 426
"D:/Downloads/Unreal Engine C++/Projects/GameplayMechanics/Content/FirstPersonCPP/Maps/Untitled_BuiltData.ubulk" 427
"../../../Engine/Content/BasicShapes/Cube.uasset" 428
"../../../Engine/Content/BasicShapes/Cube.uexp" 429
"../../../Engine/Content/EngineSky/T_Sky_Stars.uasset" 430
"../../../Engine/Content/EngineSky/T_Sky_Stars.uexp" 431
"../../../Engine/Content/EngineSky/T_Sky_Stars.ubulk" 432
"../../../Engine/Content/EngineSky/T_Sky_Clouds_M.uasset" 433
"../../../Engine/Content/EngineSky/T_Sky_Clouds_M.uexp" 434
"../../../Engine/Content/EngineSky/T_Sky_Clouds_M.ubulk" 435
"../../../Engine/Content/EngineSky/T_Sky_Blue.uasset" 436
"../../../Engine/Content/EngineSky/T_Sky_Blue.uexp" 437
"../../../Engine/Content/EngineSky/T_Sky_Blue.ubulk" 438
"../../../Engine/Content/EngineSky/M_Sky_Panning_Clouds2.uasset" 439
"../../../Engine/Content/EngineSky/M_Sky_Panning_Clouds2.uexp" 440
"../../../Engine/Content/EngineSky/SM_SkySphere.uasset" 441
"../../../Engine/Content/EngineSky/SM_SkySphere.uexp" 442
"../../../Engine/Content/EngineSky/C_Sky_Zenith_Color.uasset" 443
"../../../Engine/Content/EngineSky/C_Sky_Zenith_Color.uexp" 444
"../../../Engine/Content/EngineSky/C_Sky_Horizon_Color.uasset" 445
"../../../Engine/Content/EngineSky/C_Sky_Horizon_Color.uexp" 446
"../../../Engine/Content/EngineSky/C_Sky_Cloud_Color.uasset" 447
"../../../Engine/Content/EngineSky/C_Sky_Cloud_Color.uexp" 448
"../../../Engine/Content/EngineSky/BP_Sky_Sphere.uasset" 449
"../../../Engine/Content/EngineSky/BP_Sky_Sphere.uexp" 450
"D:/Downloads/Unreal Engine C++/Projects/GameplayMechanics/Content/FirstPerson/Meshes/BaseMaterial.uasset" 451
"D:/Downloads/Unreal Engine C++/Projects/GameplayMechanics/Content/FirstPerson/Meshes/BaseMaterial.uexp" 452
"D:/Downloads/Unreal Engine C++/Projects/GameplayMechanics/Content/FirstPerson/Meshes/MI_Wall.uasset" 453
"D:/Downloads/Unreal Engine C++/Projects/GameplayMechanics/Content/FirstPerson/Meshes/MI_Wall.uexp" 454
"D:/Downloads/Unreal Engine C++/Projects/GameplayMechanics/Content/FirstPerson/Meshes/MI_JetpackBlocks.uasset" 455
"D:/Downloads/Unreal Engine C++/Projects/GameplayMechanics/Content/FirstPerson/Meshes/MI_JetpackBlocks.uexp" 456
"D:/Downloads/Unreal Engine C++/Projects/GameplayMechanics/Content/FirstPerson/Meshes/MI_GravGunBlocks.uasset" 457
"D:/Downloads/Unreal Engine C++/Projects/GameplayMechanics/Content/FirstPerson/Meshes/MI_GravGunBlocks.uexp" 458
"D:/Downloads/Unreal Engine C++/Projects/GameplayMechanics/Content/FirstPerson/Meshes/MI_GravGun.uasset" 459
"D:/Downloads/Unreal Engine C++/Projects/GameplayMechanics/Content/FirstPerson/Meshes/MI_GravGun.uexp" 460
"D:/Downloads/Unreal Engine C++/Projects/GameplayMechanics/Content/FirstPerson/Meshes/MI_Floor.uasset" 461
"D:/Downloads/Unreal Engine C++/Projects/GameplayMechanics/Content/FirstPerson/Meshes/MI_Floor.uexp" 462
"D:/Downloads/Unreal Engine C++/Projects/GameplayMechanics/Content/FirstPerson/Meshes/MI_DashBlocks.uasset" 463
"D:/Downloads/Unreal Engine C++/Projects/GameplayMechanics/Content/FirstPerson/Meshes/MI_DashBlocks.uexp" 464
"D:/Downloads/Unreal Engine C++/Projects/GameplayMechanics/Content/FirstPerson/Meshes/MI_Black.uasset" 465
"D:/Downloads/Unreal Engine C++/Projects/GameplayMechanics/Content/FirstPerson/Meshes/MI_Black.uexp" 466
"D:/Downloads/Unreal Engine C++/Projects/GameplayMechanics/Content/WBP_Pause.uasset" 467
"D:/Downloads/Unreal Engine C++/Projects/GameplayMechanics/Content/WBP_Pause.uexp" 468
"D:/Downloads/Unreal Engine C++/Projects/GameplayMechanics/Content/FPWeapon/Mesh/SK_FPGun_Skeleton.uasset" 469
"D:/Downloads/Unreal Engine C++/Projects/GameplayMechanics/Content/FPWeapon/Mesh/SK_FPGun_Skeleton.uexp" 470
"D:/Downloads/Unreal Engine C++/Projects/GameplayMechanics/Content/FPWeapon/Mesh/SK_FPGun_PhysicsAsset.uasset" 471
"D:/Downloads/Unreal Engine C++/Projects/GameplayMechanics/Content/FPWeapon/Mesh/SK_FPGun_PhysicsAsset.uexp" 472
"D:/Downloads/Unreal Engine C++/Projects/GameplayMechanics/Content/FPWeapon/Textures/T_FPGun_N.uasset" 473
"D:/Downloads/Unreal Engine C++/Projects/GameplayMechanics/Content/FPWeapon/Textures/T_FPGun_N.uexp" 474
"D:/Downloads/Unreal Engine C++/Projects/GameplayMechanics/Content/FPWeapon/Textures/T_FPGun_N.ubulk" 475
"D:/Downloads/Unreal Engine C++/Projects/GameplayMechanics/Content/FPWeapon/Textures/T_FPGun_M.uasset" 476
"D:/Downloads/Unreal Engine C++/Projects/GameplayMechanics/Content/FPWeapon/Textures/T_FPGun_M.uexp" 477
"D:/Downloads/Unreal Engine C++/Projects/GameplayMechanics/Content/FPWeapon/Textures/T_FPGun_M.ubulk" 478
"D:/Downloads/Unreal Engine C++/Projects/GameplayMechanics/Content/FPWeapon/Materials/MaterialLayers/T_ML_Rubber_Blue_01_N.uasset" 479
"D:/Downloads/Unreal Engine C++/Projects/GameplayMechanics/Content/FPWeapon/Materials/MaterialLayers/T_ML_Rubber_Blue_01_N.uexp" 480
"D:/Downloads/Unreal Engine C++/Projects/GameplayMechanics/Content/FPWeapon/Materials/MaterialLayers/T_ML_Rubber_Blue_01_N.ubulk" 481
"D:/Downloads/Unreal Engine C++/Projects/GameplayMechanics/Content/FPWeapon/Materials/MaterialLayers/T_ML_Rubber_Blue_01_D.uasset" 482
"D:/Downloads/Unreal Engine C++/Projects/GameplayMechanics/Content/FPWeapon/Materials/MaterialLayers/T_ML_Rubber_Blue_01_D.uexp" 483
"D:/Downloads/Unreal Engine C++/Projects/GameplayMechanics/Content/FPWeapon/Materials/MaterialLayers/T_ML_Rubber_Blue_01_D.ubulk" 484
"D:/Downloads/Unreal Engine C++/Projects/GameplayMechanics/Content/FPWeapon/Materials/MaterialLayers/T_ML_Aluminum01_N.uasset" 485
"D:/Downloads/Unreal Engine C++/Projects/GameplayMechanics/Content/FPWeapon/Materials/MaterialLayers/T_ML_Aluminum01_N.uexp" 486
"D:/Downloads/Unreal Engine C++/Projects/GameplayMechanics/Content/FPWeapon/Materials/MaterialLayers/T_ML_Aluminum01_N.ubulk" 487
"D:/Downloads/Unreal Engine C++/Projects/GameplayMechanics/Content/FPWeapon/Materials/MaterialLayers/T_ML_Aluminum01.uasset" 488
"D:/Downloads/Unreal Engine C++/Projects/GameplayMechanics/Content/FPWeapon/Materials/MaterialLayers/T_ML_Aluminum01.uexp" 489
"D:/Downloads/Unreal Engine C++/Projects/GameplayMechanics/Content/FPWeapon/Materials/MaterialLayers/T_ML_Aluminum01.ubulk" 490
"D:/Downloads/Unreal Engine C++/Projects/GameplayMechanics/Content/FPWeapon/Materials/MaterialLayers/ML_SoftMetal_UE4.uasset" 491
"D:/Downloads/Unreal Engine C++/Projects/GameplayMechanics/Content/FPWeapon/Materials/MaterialLayers/ML_SoftMetal_UE4.uexp" 492
"D:/Downloads/Unreal Engine C++/Projects/GameplayMechanics/Content/FPWeapon/Materials/MaterialLayers/ML_Screen.uasset" 493
"D:/Downloads/Unreal Engine C++/Projects/GameplayMechanics/Content/FPWeapon/Materials/MaterialLayers/ML_Screen.uexp" 494
"D:/Downloads/Unreal Engine C++/Projects/GameplayMechanics/Content/FPWeapon/Materials/MaterialLayers/ML_Plastic_Shiny_Beige.uasset" 495
"D:/Downloads/Unreal Engine C++/Projects/GameplayMechanics/Content/FPWeapon/Materials/MaterialLayers/ML_Plastic_Shiny_Beige.uexp" 496
"D:/Downloads/Unreal Engine C++/Projects/GameplayMechanics/Content/FPWeapon/Materials/MaterialLayers/ML_GlossyBlack_Latex_UE4.uasset" 497
"D:/Downloads/Unreal Engine C++/Projects/GameplayMechanics/Content/FPWeapon/Materials/MaterialLayers/ML_GlossyBlack_Latex_UE4.uexp" 498
"../../../Engine/Content/Functions/MaterialLayerFunctions/MatLayerBlend_Simple.uasset" 499
"../../../Engine/Content/Functions/MaterialLayerFunctions/MatLayerBlend_Simple.uexp" 500
"../../../Engine/Content/Functions/Engine_MaterialFunctions02/Utility/BlendAngleCorrectedNormals.uasset" 501
"../../../Engine/Content/Functions/Engine_MaterialFunctions02/Utility/BlendAngleCorrectedNormals.uexp" 502
"../../../Engine/Content/Functions/MaterialLayerFunctions/MatLayerBlend_NormalBlend.uasset" 503
"../../../Engine/Content/Functions/MaterialLayerFunctions/MatLayerBlend_NormalBlend.uexp" 504
"D:/Downloads/Unreal Engine C++/Projects/GameplayMechanics/Content/FPWeapon/Materials/M_FPGun.uasset" 505
"D:/Downloads/Unreal Engine C++/Projects/GameplayMechanics/Content/FPWeapon/Materials/M_FPGun.uexp" 506
"D:/Downloads/Unreal Engine C++/Projects/GameplayMechanics/Content/FPWeapon/Mesh/SK_FPGun.uasset" 507
"D:/Downloads/Unreal Engine C++/Projects/GameplayMechanics/Content/FPWeapon/Mesh/SK_FPGun.uexp" 508
"D:/Downloads/Unreal Engine C++/Projects/GameplayMechanics/Content/FirstPerson/Character/Mesh/SK_Mannequin_Arms_PhysicsAsset.uasset" 509
"D:/Downloads/Unreal Engine C++/Projects/GameplayMechanics/Content/FirstPerson/Character/Mesh/SK_Mannequin_Arms_PhysicsAsset.uexp" 510
"D:/Downloads/Unreal Engine C++/Projects/GameplayMechanics/Content/FirstPerson/Character/Textures/UE4_Mannequin_MAT_MASKA.uasset" 511
"D:/Downloads/Unreal Engine C++/Projects/GameplayMechanics/Content/FirstPerson/Character/Textures/UE4_Mannequin_MAT_MASKA.uexp" 512
"D:/Downloads/Unreal Engine C++/Projects/GameplayMechanics/Content/FirstPerson/Character/Textures/UE4_Mannequin_MAT_MASKA.ubulk" 513
"D:/Downloads/Unreal Engine C++/Projects/GameplayMechanics/Content/FirstPerson/Character/Textures/UE4_Mannequin__normals.uasset" 514
"D:/Downloads/Unreal Engine C++/Projects/GameplayMechanics/Content/FirstPerson/Character/Textures/UE4_Mannequin__normals.uexp" 515
"D:/Downloads/Unreal Engine C++/Projects/GameplayMechanics/Content/FirstPerson/Character/Textures/UE4_Mannequin__normals.ubulk" 516
"D:/Downloads/Unreal Engine C++/Projects/GameplayMechanics/Content/FirstPerson/Character/Materials/MaterialLayers/T_ML_Aluminum01_N.uasset" 517
"D:/Downloads/Unreal Engine C++/Projects/GameplayMechanics/Content/FirstPerson/Character/Materials/MaterialLayers/T_ML_Aluminum01_N.uexp" 518
"D:/Downloads/Unreal Engine C++/Projects/GameplayMechanics/Content/FirstPerson/Character/Materials/MaterialLayers/T_ML_Aluminum01_N.ubulk" 519
"D:/Downloads/Unreal Engine C++/Projects/GameplayMechanics/Content/FirstPerson/Character/Materials/MaterialLayers/T_ML_Aluminum01.uasset" 520
"D:/Downloads/Unreal Engine C++/Projects/GameplayMechanics/Content/FirstPerson/Character/Materials/MaterialLayers/T_ML_Aluminum01.uexp" 521
"D:/Downloads/Unreal Engine C++/Projects/GameplayMechanics/Content/FirstPerson/Character/Materials/MaterialLayers/T_ML_Aluminum01.ubulk" 522
"D:/Downloads/Unreal Engine C++/Projects/GameplayMechanics/Content/FirstPerson/Character/Materials/MaterialLayers/ML_SoftMetal_UE4.uasset" 523
"D:/Downloads/Unreal Engine C++/Projects/GameplayMechanics/Content/FirstPerson/Character/Materials/MaterialLayers/ML_SoftMetal_UE4.uexp" 524
"D:/Downloads/Unreal Engine C++/Projects/GameplayMechanics/Content/FirstPerson/Character/Textures/UE4_LOGO_CARD.uasset" 525
"D:/Downloads/Unreal Engine C++/Projects/GameplayMechanics/Content/FirstPerson/Character/Textures/UE4_LOGO_CARD.uexp" 526
"D:/Downloads/Unreal Engine C++/Projects/GameplayMechanics/Content/FirstPerson/Character/Textures/UE4_LOGO_CARD.ubulk" 527
"D:/Downloads/Unreal Engine C++/Projects/GameplayMechanics/Content/FirstPerson/Character/Materials/MaterialLayers/ML_Plastic_Shiny_Beige_LOGO.uasset" 528
"D:/Downloads/Unreal Engine C++/Projects/GameplayMechanics/Content/FirstPerson/Character/Materials/MaterialLayers/ML_Plastic_Shiny_Beige_LOGO.uexp" 529
"D:/Downloads/Unreal Engine C++/Projects/GameplayMechanics/Content/FirstPerson/Character/Materials/MaterialLayers/ML_Plastic_Shiny_Beige.uasset" 530
"D:/Downloads/Unreal Engine C++/Projects/GameplayMechanics/Content/FirstPerson/Character/Materials/MaterialLayers/ML_Plastic_Shiny_Beige.uexp" 531
"D:/Downloads/Unreal Engine C++/Projects/GameplayMechanics/Content/FirstPerson/Character/Materials/MaterialLayers/T_ML_Rubber_Blue_01_N.uasset" 532
"D:/Downloads/Unreal Engine C++/Projects/GameplayMechanics/Content/FirstPerson/Character/Materials/MaterialLayers/T_ML_Rubber_Blue_01_N.uexp" 533
"D:/Downloads/Unreal Engine C++/Projects/GameplayMechanics/Content/FirstPerson/Character/Materials/MaterialLayers/T_ML_Rubber_Blue_01_N.ubulk" 534
"D:/Downloads/Unreal Engine C++/Projects/GameplayMechanics/Content/FirstPerson/Character/Materials/MaterialLayers/T_ML_Rubber_Blue_01_D.uasset" 535
"D:/Downloads/Unreal Engine C++/Projects/GameplayMechanics/Content/FirstPerson/Character/Materials/MaterialLayers/T_ML_Rubber_Blue_01_D.uexp" 536
"D:/Downloads/Unreal Engine C++/Projects/GameplayMechanics/Content/FirstPerson/Character/Materials/MaterialLayers/T_ML_Rubber_Blue_01_D.ubulk" 537
"D:/Downloads/Unreal Engine C++/Projects/GameplayMechanics/Content/FirstPerson/Character/Materials/MaterialLayers/ML_GlossyBlack_Latex_UE4.uasset" 538
"D:/Downloads/Unreal Engine C++/Projects/GameplayMechanics/Content/FirstPerson/Character/Materials/MaterialLayers/ML_GlossyBlack_Latex_UE4.uexp" 539
"D:/Downloads/Unreal Engine C++/Projects/GameplayMechanics/Content/FirstPerson/Character/Materials/M_UE4Man_Body.uasset" 540
"D:/Downloads/Unreal Engine C++/Projects/GameplayMechanics/Content/FirstPerson/Character/Materials/M_UE4Man_Body.uexp" 541
"D:/Downloads/Unreal Engine C++/Projects/GameplayMechanics/Content/FirstPerson/Character/Mesh/SK_Mannequin_Arms_Skeleton.uasset" 542
"D:/Downloads/Unreal Engine C++/Projects/GameplayMechanics/Content/FirstPerson/Character/Mesh/SK_Mannequin_Arms_Skeleton.uexp" 543
"D:/Downloads/Unreal Engine C++/Projects/GameplayMechanics/Content/FirstPerson/Character/Mesh/SK_Mannequin_Arms.uasset" 544
"D:/Downloads/Unreal Engine C++/Projects/GameplayMechanics/Content/FirstPerson/Character/Mesh/SK_Mannequin_Arms.uexp" 545
"D:/Downloads/Unreal Engine C++/Projects/GameplayMechanics/Content/FirstPerson/Audio/FirstPersonTemplateWeaponFire02.uasset" 546
"D:/Downloads/Unreal Engine C++/Projects/GameplayMechanics/Content/FirstPerson/Audio/FirstPersonTemplateWeaponFire02.uexp" 547
"D:/Downloads/Unreal Engine C++/Projects/GameplayMechanics/Content/FirstPerson/Animations/FirstPerson_Run.uasset" 548
"D:/Downloads/Unreal Engine C++/Projects/GameplayMechanics/Content/FirstPerson/Animations/FirstPerson_Run.uexp" 549
"D:/Downloads/Unreal Engine C++/Projects/GameplayMechanics/Content/FirstPerson/Animations/FirstPerson_JumpStart.uasset" 550
"D:/Downloads/Unreal Engine C++/Projects/GameplayMechanics/Content/FirstPerson/Animations/FirstPerson_JumpStart.uexp" 551
"D:/Downloads/Unreal Engine C++/Projects/GameplayMechanics/Content/FirstPerson/Animations/FirstPerson_JumpLoop.uasset" 552
"D:/Downloads/Unreal Engine C++/Projects/GameplayMechanics/Content/FirstPerson/Animations/FirstPerson_JumpLoop.uexp" 553
"D:/Downloads/Unreal Engine C++/Projects/GameplayMechanics/Content/FirstPerson/Animations/FirstPerson_JumpEnd.uasset" 554
"D:/Downloads/Unreal Engine C++/Projects/GameplayMechanics/Content/FirstPerson/Animations/FirstPerson_JumpEnd.uexp" 555
"D:/Downloads/Unreal Engine C++/Projects/GameplayMechanics/Content/FirstPerson/Animations/FirstPerson_Idle.uasset" 556
"D:/Downloads/Unreal Engine C++/Projects/GameplayMechanics/Content/FirstPerson/Animations/FirstPerson_Idle.uexp" 557
"D:/Downloads/Unreal Engine C++/Projects/GameplayMechanics/Content/FirstPerson/Animations/FirstPerson_AnimBP.uasset" 558
"D:/Downloads/Unreal Engine C++/Projects/GameplayMechanics/Content/FirstPerson/Animations/FirstPerson_AnimBP.uexp" 559
"D:/Downloads/Unreal Engine C++/Projects/GameplayMechanics/Content/FirstPerson/Animations/FirstPerson_Fire.uasset" 560
"D:/Downloads/Unreal Engine C++/Projects/GameplayMechanics/Content/FirstPerson/Animations/FirstPerson_Fire.uexp" 561
"D:/Downloads/Unreal Engine C++/Projects/GameplayMechanics/Content/FirstPerson/Animations/FirstPersonFire_Montage.uasset" 562
"D:/Downloads/Unreal Engine C++/Projects/GameplayMechanics/Content/FirstPerson/Animations/FirstPersonFire_Montage.uexp" 563
"D:/Downloads/Unreal Engine C++/Projects/GameplayMechanics/Content/BPI_Interact.uasset" 564
"D:/Downloads/Unreal Engine C++/Projects/GameplayMechanics/Content/BPI_Interact.uexp" 565
"D:/Downloads/Unreal Engine C++/Projects/GameplayMechanics/Content/FirstPersonCPP/Blueprints/FirstPersonCharacter.uasset" 566
"D:/Downloads/Unreal Engine C++/Projects/GameplayMechanics/Content/FirstPersonCPP/Blueprints/FirstPersonCharacter.uexp" 567
"D:/Downloads/Unreal Engine C++/Projects/GameplayMechanics/Content/WBP_HUD.uasset" 568
"D:/Downloads/Unreal Engine C++/Projects/GameplayMechanics/Content/WBP_HUD.uexp" 569
"D:/Downloads/Unreal Engine C++/Projects/GameplayMechanics/Content/WBP_MainMenu.uasset" 570
"D:/Downloads/Unreal Engine C++/Projects/GameplayMechanics/Content/WBP_MainMenu.uexp" 571
"D:/Downloads/Unreal Engine C++/Projects/GameplayMechanics/Content/FirstPerson/Meshes/MI_Ground.uasset" 572
"D:/Downloads/Unreal Engine C++/Projects/GameplayMechanics/Content/FirstPerson/Meshes/MI_Ground.uexp" 573
"D:/Downloads/Unreal Engine C++/Projects/GameplayMechanics/Content/FirstPerson/Meshes/MI_Door.uasset" 574
"D:/Downloads/Unreal Engine C++/Projects/GameplayMechanics/Content/FirstPerson/Meshes/MI_Door.uexp" 575
"D:/Downloads/Unreal Engine C++/Projects/GameplayMechanics/Content/Geometry/Meshes/CubeMaterial.uasset" 576
"D:/Downloads/Unreal Engine C++/Projects/GameplayMechanics/Content/Geometry/Meshes/CubeMaterial.uexp" 577
"D:/Downloads/Unreal Engine C++/Projects/GameplayMechanics/Content/Geometry/Meshes/1M_Cube.uasset" 578
"D:/Downloads/Unreal Engine C++/Projects/GameplayMechanics/Content/Geometry/Meshes/1M_Cube.uexp" 579
"D:/Downloads/Unreal Engine C++/Projects/GameplayMechanics/Content/BP_Door.uasset" 580
"D:/Downloads/Unreal Engine C++/Projects/GameplayMechanics/Content/BP_Door.uexp" 581
"D:/Downloads/Unreal Engine C++/Projects/GameplayMechanics/Content/BP_Button.uasset" 582
"D:/Downloads/Unreal Engine C++/Projects/GameplayMechanics/Content/BP_Button.uexp" 583
"D:/Downloads/Unreal Engine C++/Projects/GameplayMechanics/Content/FirstPersonCPP/Maps/Untitled.uexp" 584
"D:/Downloads/Unreal Engine C++/Projects/GameplayMechanics/Content/FirstPersonCPP/Maps/Untitled.umap" 585
"../../../Engine/Content/Maps/Entry_BuiltData.uasset" 586
"../../../Engine/Content/Maps/Entry_BuiltData.uexp" 587
"../../../Engine/Content/Maps/Entry.uexp" 588
"../../../Engine/Content/Maps/Entry.umap" 589
